Sencha Cmd 7.6.0.87 - Crash report
================================================
An error occurred while executing the following command: package build

Diagnostic information:
=======================
                        app.sass.dynamic : true                                              
                    buildenvironment.dir : F:\npm\@conjoon\extjs-app-localmailuser           
               buildenvironment.load.dir : F:\npm\@conjoon\extjs-app-localmailuser           
                          cmd.config.dir : F:\npm\@conjoon\extjs-app-localmailuser\node_modules\@sencha\cmd\dist
                                 cmd.dir : F:\npm\@conjoon\extjs-app-localmailuser\node_modules\@sencha\cmd\dist
                    cmd.framework.minver : 5.5.0                                             
                   cmd.framework.version : 99.99                                             
              cmd.merge.tool.args.araxis : -wait -merge -3 -a1 {base} {user} {generated} {out}
              cmd.merge.tool.args.kdiff3 : {base} {user} {generated} -o {out}                
             cmd.merge.tool.args.p4merge : {base} {user} {generated} {out}                   
           cmd.merge.tool.args.smartsync : {user} {generated} {base}                         
          cmd.merge.tool.args.sourcegear : --merge --result={out} {user} {base} {generated}  
            cmd.merge.tool.args.tortoise : -base:{base} -theirs:{generated} -mine:{user} -merged:{out}
                              cmd.minver : 3.0.0.0                                           
                            cmd.platform : windows                                           
                     cmd.unicode.escapes : F:\npm\@conjoon\extjs-app-localmailuser\node_modules\@sencha\cmd\dist/unicode-escapes.json
                             cmd.version : 7.6.0.87                                          
                            cmd.web.port : 1841                                              
                     config.skipDownload : false                                             
                      config.skipInherit : true                                              
                        ext.license.name : trial                                             
                     framework.classpath : F:\npm\@conjoon\extjs-app-localmailuser/src       
                    framework.cmd.minver : 7.0.0                                             
                   framework.cmd.version : 7.2.0                                             
                 framework.compatVersion : 7.6.0                                             
                    framework.config.dir : F:\npm\@conjoon\extjs-app-localmailuser\node_modules\@sencha\cmd\dist\plugins\ext\current
                       framework.creator : Sencha                                            
           framework.detailedDescription : Sencha Ext JS JavaScript Framework                
                           framework.dir : F:\npm\@conjoon\extjs-app-localmailuser\node_modules\@sencha\ext
                       framework.extTier : pro                                               
                        framework.format : 1                                                 
                          framework.isV5 : true                                              
                          framework.isV6 : true                                              
                         framework.isV62 : true                                              
                         framework.isV65 : true                                              
     framework.language.js.input.version : ES5                                               
                         framework.local : true                                              
                          framework.name : ext                                               
                     framework.namespace : Ext                                               
                        framework.output : F:\npm\@conjoon\extjs-app-localmailuser/build     
                     framework.overrides : F:\npm\@conjoon\extjs-app-localmailuser/overrides 
                  framework.packages.dir : F:\npm\@conjoon\extjs-app-localmailuser\node_modules\@sencha\ext/../ext-classic*,F:\npm\@conjoon\extjs-app-localmailuser\node_modules\@sencha\ext/../ext-core,F:\npm\@conjoon\extjs-app-localmailuser\node_modules\@sencha\ext/../ext-font-awesome,F:\npm\@conjoon\extjs-app-localmailuser\node_modules\@sencha\ext/../ext-font-ext
                framework.resource.paths : resources                                         
              framework.resource.paths.0 : resources                                         
         framework.resource.paths.length : 1                                                 
                      framework.sass.etc : F:\npm\@conjoon\extjs-app-localmailuser/sass/etc/all.scss
                  framework.sass.fashion : true                                              
                framework.sass.namespace : Ext                                               
                      framework.sass.src : F:\npm\@conjoon\extjs-app-localmailuser/sass/src  
                      framework.sass.var : F:\npm\@conjoon\extjs-app-localmailuser/sass/var  
                       framework.summary : Ext JS                                            
                          framework.type : framework                                         
                       framework.version : 7.6.0                                             
                       inspector.address : http://localhost:1839/                            
                            minimal.mode : true                                              
                      package.base.names :                                                   
                   package.base.packages :                                                   
                       package.classpath : F:\npm\@conjoon\extjs-app-localmailuser/src,F:\npm\@conjoon\extjs-app-localmailuser/classic/src
                     package.classpath.0 : F:\npm\@conjoon\extjs-app-localmailuser/src       
                     package.classpath.1 : F:\npm\@conjoon\extjs-app-localmailuser/classic/src
                package.classpath.length : 2                                                 
                   package.compatVersion : 1.0.0                                             
            package.compressor.polyfills : none                                              
                 package.compressor.type : closure                                           
                      package.config.dir : F:\npm\@conjoon\extjs-app-localmailuser\node_modules\@sencha\cmd\dist\ant\build\package
package.coon-js.package.autoLoad.registerController : true                                              
          package.coon-js.package.config : ${package.resourcePath}/extjs-app-localmailuser.conf.json
                         package.creator : Thorsten Suckow-Homberg <thorsten@suckow-homberg.de>
                     package.description : Sencha Ext JS NPM package for using local storage for maintaining email accounts.
                             package.dir : F:\npm\@conjoon\extjs-app-localmailuser           
                         package.example : null                                              
                          package.format : 1                                                 
                       package.framework : ext                                               
               package.language.js.input : ES8                                               
              package.language.js.output : ES8                                               
                           package.local : true                                              
                            package.name : extjs-app-localmailuser                           
                       package.namespace : conjoon.localmailuser                             
                     package.output.base : F:\npm\@conjoon\extjs-app-localmailuser/build     
               package.output.js.version : ES8                                               
                       package.overrides : F:\npm\@conjoon\extjs-app-localmailuser/overrides,F:\npm\@conjoon\extjs-app-localmailuser/classic/overrides
                     package.overrides.0 : F:\npm\@conjoon\extjs-app-localmailuser/overrides 
                     package.overrides.1 : F:\npm\@conjoon\extjs-app-localmailuser/classic/overrides
                package.overrides.length : 2                                                 
                  package.requires.names : ext,core,classic,theme-base,theme-neutral,theme-neptune,font-awesome,font-ext,theme-triton,theme-material,package-loader,extjs-lib-core,extjs-lib-comp,extjs-comp-navport,extjs-theme-material,extjs-app-user,extjs-app-webmail
               package.requires.packages : F:\npm\@conjoon\extjs-app-localmailuser\node_modules\@sencha\ext,F:\npm\@conjoon\extjs-app-localmailuser\node_modules\@sencha\ext-core,F:\npm\@conjoon\extjs-app-localmailuser\node_modules\@sencha\ext-classic,F:\npm\@conjoon\extjs-app-localmailuser\node_modules\@sencha\ext-classic-theme-base,F:\npm\@conjoon\extjs-app-localmailuser\node_modules\@sencha\ext-classic-theme-neutral,F:\npm\@conjoon\extjs-app-localmailuser\node_modules\@sencha\ext-classic-theme-neptune,F:\npm\@conjoon\extjs-app-localmailuser\node_modules\@sencha\ext-font-awesome,F:\npm\@conjoon\extjs-app-localmailuser\node_modules\@sencha\ext-font-ext,F:\npm\@conjoon\extjs-app-localmailuser\node_modules\@sencha\ext-classic-theme-triton,F:\npm\@conjoon\extjs-app-localmailuser\node_modules\@sencha\ext-classic-theme-material,F:\npm\@conjoon\extjs-app-localmailuser\node_modules\@coon-js\extjs-package-loader\packages\package-loader,F:\npm\@conjoon\extjs-app-localmailuser\node_modules\@coon-js\extjs-lib-core,F:\npm\@conjoon\extjs-app-localmailuser\node_modules\@coon-js\extjs-lib-comp,F:\npm\@conjoon\extjs-app-localmailuser\node_modules\@coon-js\extjs-comp-navport,F:\npm\@conjoon\extjs-app-localmailuser\node_modules\@conjoon\extjs-theme-material,F:\npm\@conjoon\extjs-app-localmailuser\node_modules\@coon-js\extjs-app-user,F:\npm\@conjoon\extjs-app-localmailuser\node_modules\@conjoon\extjs-app-webmail
                    package.sass.dynamic : true                                              
                        package.sass.etc : F:\npm\@conjoon\extjs-app-localmailuser/sass/extjs-theme-material/etc/all.scss
                      package.sass.etc.0 : F:\npm\@conjoon\extjs-app-localmailuser/sass/extjs-theme-material/etc/all.scss
                 package.sass.etc.length : 1                                                 
                    package.sass.fashion : true                                              
                  package.sass.namespace :                                                   
                        package.sass.src : F:\npm\@conjoon\extjs-app-localmailuser/sass/extjs-theme-material/src/all.scss,F:\npm\@conjoon\extjs-app-localmailuser/sass/extjs-theme-material/src/
                      package.sass.src.0 : F:\npm\@conjoon\extjs-app-localmailuser/sass/extjs-theme-material/src/all.scss
                      package.sass.src.1 : F:\npm\@conjoon\extjs-app-localmailuser/sass/extjs-theme-material/src/
                 package.sass.src.length : 2                                                 
                        package.sass.var : F:\npm\@conjoon\extjs-app-localmailuser/sass/extjs-theme-material/var/
                      package.sass.var.0 : F:\npm\@conjoon\extjs-app-localmailuser/sass/extjs-theme-material/var/
                 package.sass.var.length : 1                                                 
    package.slicer.js.0.isWidgetManifest : true                                              
                package.slicer.js.0.path : F:\npm\@conjoon\extjs-app-localmailuser/sass/example/custom.js
                package.slicer.js.length : 1                                                 
                           package.theme : extjs-theme-material                              
                         package.toolkit : classic                                           
                            package.type : code                                              
                         package.version : 1.0.0                                             
                          repo.local.dir : F:\npm\@conjoon\extjs-app-localmailuser\node_modules\@sencha\cmd\repo
                       shared.sencha.dir : true                                              
        system.java.net.useSystemProxies : true                                              
                              theme.name : extjs-theme-material                              
                            toolkit.name : classic                                           
                          workspace.apps :                                                   
                   workspace.apps.length : 0                                                 
                     workspace.build.dir : F:\npm\@conjoon\extjs-app-localmailuser/build     
                    workspace.config.dir : F:\npm\@conjoon\extjs-app-localmailuser\node_modules\@sencha\cmd\dist\ant\build\workspace
                           workspace.dir : F:\npm\@conjoon\extjs-app-localmailuser           
           workspace.frameworks.ext.path : F:\npm\@conjoon\extjs-app-localmailuser\.\node_modules\@sencha\ext
                  workspace.packages.dir : F:\npm\@conjoon\extjs-app-localmailuser/node_modules/@l8js,F:\npm\@conjoon\extjs-app-localmailuser/node_modules,F:\npm\@conjoon\extjs-app-localmailuser/node_modules/@conjoon,F:\npm\@conjoon\extjs-app-localmailuser/node_modules/@coon-js,F:\npm\@conjoon\extjs-app-localmailuser/node_modules/@coon-js/extjs-package-loader/packages,F:\npm\@conjoon\extjs-app-localmailuser/packages/local,F:\npm\@conjoon\extjs-app-localmailuser/packages,F:\npm\@conjoon\extjs-app-localmailuser/node_modules/@sencha/ext-classic,F:\npm\@conjoon\extjs-app-localmailuser/node_modules/@sencha/ext-classic-treegrid,F:\npm\@conjoon\extjs-app-localmailuser/node_modules/@sencha/ext-classic-theme-base,F:\npm\@conjoon\extjs-app-localmailuser/node_modules/@sencha/ext-classic-theme-ios,F:\npm\@conjoon\extjs-app-localmailuser/node_modules/@sencha/ext-classic-theme-material,F:\npm\@conjoon\extjs-app-localmailuser/node_modules/@sencha/ext-classic-theme-aria,F:\npm\@conjoon\extjs-app-localmailuser/node_modules/@sencha/ext-classic-theme-neutral,F:\npm\@conjoon\extjs-app-localmailuser/node_modules/@sencha/ext-classic-theme-classic,F:\npm\@conjoon\extjs-app-localmailuser/node_modules/@sencha/ext-classic-theme-gray,F:\npm\@conjoon\extjs-app-localmailuser/node_modules/@sencha/ext-classic-theme-crisp,F:\npm\@conjoon\extjs-app-localmailuser/node_modules/@sencha/ext-classic-theme-crisp-touch,F:\npm\@conjoon\extjs-app-localmailuser/node_modules/@sencha/ext-classic-theme-neptune,F:\npm\@conjoon\extjs-app-localmailuser/node_modules/@sencha/ext-classic-theme-neptune-touch,F:\npm\@conjoon\extjs-app-localmailuser/node_modules/@sencha/ext-classic-theme-triton,F:\npm\@conjoon\extjs-app-localmailuser/node_modules/@sencha/ext-classic-theme-graphite,F:\npm\@conjoon\extjs-app-localmailuser/node_modules/@sencha/ext-classic-theme-material,F:\npm\@conjoon\extjs-app-localmailuser/node_modules/@sencha/ext-calendar,F:\npm\@conjoon\extjs-app-localmailuser/node_modules/@sencha/ext-charts,F:\npm\@conjoon\extjs-app-localmailuser/node_modules/@sencha/ext-d3,F:\npm\@conjoon\extjs-app-localmailuser/node_modules/@sencha/ext-exporter,F:\npm\@conjoon\extjs-app-localmailuser/node_modules/@sencha/ext-pivot,F:\npm\@conjoon\extjs-app-localmailuser/node_modules/@sencha/ext-pivot-d3,F:\npm\@conjoon\extjs-app-localmailuser/node_modules/@sencha/ext-ux,F:\npm\@conjoon\extjs-app-localmailuser/node_modules/@sencha/ext-font-ios
              workspace.packages.extract : F:\npm\@conjoon\extjs-app-localmailuser/packages/remote

Exception information:
=======================
F:\npm\@conjoon\extjs-app-localmailuser\node_modules\@sencha\cmd\dist\plugins\package.plugin.xml:160: The following error occurred while executing this line:
F:\npm\@conjoon\extjs-app-localmailuser\node_modules\@sencha\cmd\dist\ant\build\package\build-impl.xml:134: The following error occurred while executing this line:
F:\npm\@conjoon\extjs-app-localmailuser\node_modules\@sencha\cmd\dist\ant\build\package\js-impl.xml:74: com.sencha.exceptions.ExNotFound: Unknown definition for dependency : conjoon.dev.cn_mailsim.data.SimletAdapter
     at com.sencha.ant.AntScript.execute(AntScript.java:121)
     at com.sencha.command.plugin.PluginManager.execute(PluginManager.java:104)
     at com.sencha.command.plugin.PluginManager.executeReverseFirst(PluginManager.java:145)
     at com.sencha.command.environment.BuildEnvironment.execute(BuildEnvironment.java:309)
     at com.sencha.command.environment.AppOrPackageEnvironment.execute(AppOrPackageEnvironment.java:729)
     at com.sencha.command.pkg.BuildCommand.execute(BuildCommand.java:170)
     at sun.reflect.NativeMethodAccessorImpl.invoke0(Native Method)
     at sun.reflect.NativeMethodAccessorImpl.invoke(NativeMethodAccessorImpl.java:62)
     at sun.reflect.DelegatingMethodAccessorImpl.invoke(DelegatingMethodAccessorImpl.java:43)
     at java.lang.reflect.Method.invoke(Method.java:498)
     at com.sencha.util.MethodInvoker$Arguments.invoke(MethodInvoker.java:175)
     at com.sencha.cli.Command.dispatch(Command.java:43)
     at com.sencha.cli.Commands.dispatch(Commands.java:64)
     at com.sencha.cli.Commands.dispatch(Commands.java:64)
     at com.sencha.command.Sencha.dispatch(Sencha.java:80)
     at com.sencha.command.Sencha.main(Sencha.java:151)
     at sun.reflect.NativeMethodAccessorImpl.invoke0(Native Method)
     at sun.reflect.NativeMethodAccessorImpl.invoke(NativeMethodAccessorImpl.java:62)
     at sun.reflect.DelegatingMethodAccessorImpl.invoke(DelegatingMethodAccessorImpl.java:43)
     at java.lang.reflect.Method.invoke(Method.java:498)
     at com.exe4j.runtime.LauncherEngine.launch(LauncherEngine.java:84)
     at com.exe4j.runtime.WinLauncher.main(WinLauncher.java:94)
     at com.install4j.runtime.launcher.WinLauncher.main(WinLauncher.java:25)
   Caused by: The following error occurred while executing this line:
F:\npm\@conjoon\extjs-app-localmailuser\node_modules\@sencha\cmd\dist\ant\build\package\build-impl.xml:134: The following error occurred while executing this line:
F:\npm\@conjoon\extjs-app-localmailuser\node_modules\@sencha\cmd\dist\ant\build\package\js-impl.xml:74: com.sencha.exceptions.ExNotFound: Unknown definition for dependency : conjoon.dev.cn_mailsim.data.SimletAdapter
     at org.apache.tools.ant.ProjectHelper.addLocationToBuildException(ProjectHelper.java:551)
     at org.apache.tools.ant.taskdefs.Ant.execute(Ant.java:444)
     at org.apache.tools.ant.UnknownElement.execute(UnknownElement.java:291)
     at sun.reflect.NativeMethodAccessorImpl.invoke0(Native Method)
     at sun.reflect.NativeMethodAccessorImpl.invoke(NativeMethodAccessorImpl.java:62)
     at sun.reflect.DelegatingMethodAccessorImpl.invoke(DelegatingMethodAccessorImpl.java:43)
     at java.lang.reflect.Method.invoke(Method.java:498)
     at org.apache.tools.ant.dispatch.DispatchUtils.execute(DispatchUtils.java:106)
     at org.apache.tools.ant.Task.perform(Task.java:348)
     at org.apache.tools.ant.taskdefs.Sequential.execute(Sequential.java:68)
     at net.sf.antcontrib.logic.IfTask.execute(IfTask.java:217)
     at sun.reflect.NativeMethodAccessorImpl.invoke0(Native Method)
     at sun.reflect.NativeMethodAccessorImpl.invoke(NativeMethodAccessorImpl.java:62)
     at sun.reflect.DelegatingMethodAccessorImpl.invoke(DelegatingMethodAccessorImpl.java:43)
     at java.lang.reflect.Method.invoke(Method.java:498)
     at org.apache.tools.ant.dispatch.DispatchUtils.execute(DispatchUtils.java:106)
     at org.apache.tools.ant.TaskAdapter.execute(TaskAdapter.java:154)
     at org.apache.tools.ant.UnknownElement.execute(UnknownElement.java:291)
     at sun.reflect.NativeMethodAccessorImpl.invoke0(Native Method)
     at sun.reflect.NativeMethodAccessorImpl.invoke(NativeMethodAccessorImpl.java:62)
     at sun.reflect.DelegatingMethodAccessorImpl.invoke(DelegatingMethodAccessorImpl.java:43)
     at java.lang.reflect.Method.invoke(Method.java:498)
     at org.apache.tools.ant.dispatch.DispatchUtils.execute(DispatchUtils.java:106)
     at org.apache.tools.ant.Task.perform(Task.java:348)
     at org.apache.tools.ant.Target.execute(Target.java:392)
     at org.apache.tools.ant.Target.performTasks(Target.java:413)
     at org.apache.tools.ant.Project.executeSortedTargets(Project.java:1399)
     at org.apache.tools.ant.Project.executeTarget(Project.java:1368)
     at org.apache.tools.ant.helper.DefaultExecutor.executeTargets(DefaultExecutor.java:41)
     at org.apache.tools.ant.Project.executeTargets(Project.java:1251)
     at com.sencha.ant.AntScript.execute(AntScript.java:117)
     at com.sencha.command.plugin.PluginManager.execute(PluginManager.java:104)
     at com.sencha.command.plugin.PluginManager.executeReverseFirst(PluginManager.java:145)
     at com.sencha.command.environment.BuildEnvironment.execute(BuildEnvironment.java:309)
     at com.sencha.command.environment.AppOrPackageEnvironment.execute(AppOrPackageEnvironment.java:729)
     at com.sencha.command.pkg.BuildCommand.execute(BuildCommand.java:170)
     at sun.reflect.NativeMethodAccessorImpl.invoke0(Native Method)
     at sun.reflect.NativeMethodAccessorImpl.invoke(NativeMethodAccessorImpl.java:62)
     at sun.reflect.DelegatingMethodAccessorImpl.invoke(DelegatingMethodAccessorImpl.java:43)
     at java.lang.reflect.Method.invoke(Method.java:498)
     at com.sencha.util.MethodInvoker$Arguments.invoke(MethodInvoker.java:175)
     at com.sencha.cli.Command.dispatch(Command.java:43)
     at com.sencha.cli.Commands.dispatch(Commands.java:64)
     at com.sencha.cli.Commands.dispatch(Commands.java:64)
     at com.sencha.command.Sencha.dispatch(Sencha.java:80)
     at com.sencha.command.Sencha.main(Sencha.java:151)
     at sun.reflect.NativeMethodAccessorImpl.invoke0(Native Method)
     at sun.reflect.NativeMethodAccessorImpl.invoke(NativeMethodAccessorImpl.java:62)
     at sun.reflect.DelegatingMethodAccessorImpl.invoke(DelegatingMethodAccessorImpl.java:43)
     at java.lang.reflect.Method.invoke(Method.java:498)
     at com.exe4j.runtime.LauncherEngine.launch(LauncherEngine.java:84)
     at com.exe4j.runtime.WinLauncher.main(WinLauncher.java:94)
     at com.install4j.runtime.launcher.WinLauncher.main(WinLauncher.java:25)
   Caused by: The following error occurred while executing this line:
F:\npm\@conjoon\extjs-app-localmailuser\node_modules\@sencha\cmd\dist\ant\build\package\js-impl.xml:74: com.sencha.exceptions.ExNotFound: Unknown definition for dependency : conjoon.dev.cn_mailsim.data.SimletAdapter
     at org.apache.tools.ant.ProjectHelper.addLocationToBuildException(ProjectHelper.java:551)
     at org.apache.tools.ant.taskdefs.Ant.execute(Ant.java:444)
     at org.apache.tools.ant.taskdefs.CallTarget.execute(CallTarget.java:105)
     at com.sencha.ant.CallTask.execute(CallTask.java:137)
     at org.apache.tools.ant.UnknownElement.execute(UnknownElement.java:291)
     at sun.reflect.GeneratedMethodAccessor40.invoke(Unknown Source)
     at sun.reflect.DelegatingMethodAccessorImpl.invoke(DelegatingMethodAccessorImpl.java:43)
     at java.lang.reflect.Method.invoke(Method.java:498)
     at org.apache.tools.ant.dispatch.DispatchUtils.execute(DispatchUtils.java:106)
     at org.apache.tools.ant.Task.perform(Task.java:348)
     at org.apache.tools.ant.Target.execute(Target.java:392)
     at org.apache.tools.ant.Target.performTasks(Target.java:413)
     at org.apache.tools.ant.Project.executeSortedTargets(Project.java:1399)
     at org.apache.tools.ant.helper.SingleCheckExecutor.executeTargets(SingleCheckExecutor.java:38)
     at org.apache.tools.ant.Project.executeTargets(Project.java:1251)
     at org.apache.tools.ant.taskdefs.Ant.execute(Ant.java:442)
     at org.apache.tools.ant.UnknownElement.execute(UnknownElement.java:291)
     at sun.reflect.NativeMethodAccessorImpl.invoke0(Native Method)
     at sun.reflect.NativeMethodAccessorImpl.invoke(NativeMethodAccessorImpl.java:62)
     at sun.reflect.DelegatingMethodAccessorImpl.invoke(DelegatingMethodAccessorImpl.java:43)
     at java.lang.reflect.Method.invoke(Method.java:498)
     at org.apache.tools.ant.dispatch.DispatchUtils.execute(DispatchUtils.java:106)
     at org.apache.tools.ant.Task.perform(Task.java:348)
     at org.apache.tools.ant.taskdefs.Sequential.execute(Sequential.java:68)
     at net.sf.antcontrib.logic.IfTask.execute(IfTask.java:217)
     at sun.reflect.NativeMethodAccessorImpl.invoke0(Native Method)
     at sun.reflect.NativeMethodAccessorImpl.invoke(NativeMethodAccessorImpl.java:62)
     at sun.reflect.DelegatingMethodAccessorImpl.invoke(DelegatingMethodAccessorImpl.java:43)
     at java.lang.reflect.Method.invoke(Method.java:498)
     at org.apache.tools.ant.dispatch.DispatchUtils.execute(DispatchUtils.java:106)
     at org.apache.tools.ant.TaskAdapter.execute(TaskAdapter.java:154)
     at org.apache.tools.ant.UnknownElement.execute(UnknownElement.java:291)
     at sun.reflect.NativeMethodAccessorImpl.invoke0(Native Method)
     at sun.reflect.NativeMethodAccessorImpl.invoke(NativeMethodAccessorImpl.java:62)
     at sun.reflect.DelegatingMethodAccessorImpl.invoke(DelegatingMethodAccessorImpl.java:43)
     at java.lang.reflect.Method.invoke(Method.java:498)
     at org.apache.tools.ant.dispatch.DispatchUtils.execute(DispatchUtils.java:106)
     at org.apache.tools.ant.Task.perform(Task.java:348)
     at org.apache.tools.ant.Target.execute(Target.java:392)
     at org.apache.tools.ant.Target.performTasks(Target.java:413)
     at org.apache.tools.ant.Project.executeSortedTargets(Project.java:1399)
     at org.apache.tools.ant.Project.executeTarget(Project.java:1368)
     at org.apache.tools.ant.helper.DefaultExecutor.executeTargets(DefaultExecutor.java:41)
     at org.apache.tools.ant.Project.executeTargets(Project.java:1251)
     at com.sencha.ant.AntScript.execute(AntScript.java:117)
     at com.sencha.command.plugin.PluginManager.execute(PluginManager.java:104)
     at com.sencha.command.plugin.PluginManager.executeReverseFirst(PluginManager.java:145)
     at com.sencha.command.environment.BuildEnvironment.execute(BuildEnvironment.java:309)
     at com.sencha.command.environment.AppOrPackageEnvironment.execute(AppOrPackageEnvironment.java:729)
     at com.sencha.command.pkg.BuildCommand.execute(BuildCommand.java:170)
     at sun.reflect.NativeMethodAccessorImpl.invoke0(Native Method)
     at sun.reflect.NativeMethodAccessorImpl.invoke(NativeMethodAccessorImpl.java:62)
     at sun.reflect.DelegatingMethodAccessorImpl.invoke(DelegatingMethodAccessorImpl.java:43)
     at java.lang.reflect.Method.invoke(Method.java:498)
     at com.sencha.util.MethodInvoker$Arguments.invoke(MethodInvoker.java:175)
     at com.sencha.cli.Command.dispatch(Command.java:43)
     at com.sencha.cli.Commands.dispatch(Commands.java:64)
     at com.sencha.cli.Commands.dispatch(Commands.java:64)
     at com.sencha.command.Sencha.dispatch(Sencha.java:80)
     at com.sencha.command.Sencha.main(Sencha.java:151)
     at sun.reflect.NativeMethodAccessorImpl.invoke0(Native Method)
     at sun.reflect.NativeMethodAccessorImpl.invoke(NativeMethodAccessorImpl.java:62)
     at sun.reflect.DelegatingMethodAccessorImpl.invoke(DelegatingMethodAccessorImpl.java:43)
     at java.lang.reflect.Method.invoke(Method.java:498)
     at com.exe4j.runtime.LauncherEngine.launch(LauncherEngine.java:84)
     at com.exe4j.runtime.WinLauncher.main(WinLauncher.java:94)
     at com.install4j.runtime.launcher.WinLauncher.main(WinLauncher.java:25)
   Caused by: com.sencha.exceptions.ExNotFound: Unknown definition for dependency : conjoon.dev.cn_mailsim.data.SimletAdapter
     at org.apache.tools.ant.dispatch.DispatchUtils.execute(DispatchUtils.java:116)
     at org.apache.tools.ant.Task.perform(Task.java:348)
     at org.apache.tools.ant.taskdefs.Sequential.execute(Sequential.java:68)
     at net.sf.antcontrib.logic.IfTask.execute(IfTask.java:197)
     at sun.reflect.NativeMethodAccessorImpl.invoke0(Native Method)
     at sun.reflect.NativeMethodAccessorImpl.invoke(NativeMethodAccessorImpl.java:62)
     at sun.reflect.DelegatingMethodAccessorImpl.invoke(DelegatingMethodAccessorImpl.java:43)
     at java.lang.reflect.Method.invoke(Method.java:498)
     at org.apache.tools.ant.dispatch.DispatchUtils.execute(DispatchUtils.java:106)
     at org.apache.tools.ant.TaskAdapter.execute(TaskAdapter.java:154)
     at org.apache.tools.ant.UnknownElement.execute(UnknownElement.java:291)
     at sun.reflect.GeneratedMethodAccessor40.invoke(Unknown Source)
     at sun.reflect.DelegatingMethodAccessorImpl.invoke(DelegatingMethodAccessorImpl.java:43)
     at java.lang.reflect.Method.invoke(Method.java:498)
     at org.apache.tools.ant.dispatch.DispatchUtils.execute(DispatchUtils.java:106)
     at org.apache.tools.ant.Task.perform(Task.java:348)
     at org.apache.tools.ant.Target.execute(Target.java:392)
     at org.apache.tools.ant.Target.performTasks(Target.java:413)
     at org.apache.tools.ant.Project.executeSortedTargets(Project.java:1399)
     at org.apache.tools.ant.helper.SingleCheckExecutor.executeTargets(SingleCheckExecutor.java:38)
     at org.apache.tools.ant.Project.executeTargets(Project.java:1251)
     at org.apache.tools.ant.taskdefs.Ant.execute(Ant.java:442)
     at org.apache.tools.ant.taskdefs.CallTarget.execute(CallTarget.java:105)
     at com.sencha.ant.CallTask.execute(CallTask.java:137)
     at org.apache.tools.ant.UnknownElement.execute(UnknownElement.java:291)
     at sun.reflect.GeneratedMethodAccessor40.invoke(Unknown Source)
     at sun.reflect.DelegatingMethodAccessorImpl.invoke(DelegatingMethodAccessorImpl.java:43)
     at java.lang.reflect.Method.invoke(Method.java:498)
     at org.apache.tools.ant.dispatch.DispatchUtils.execute(DispatchUtils.java:106)
     at org.apache.tools.ant.Task.perform(Task.java:348)
     at org.apache.tools.ant.Target.execute(Target.java:392)
     at org.apache.tools.ant.Target.performTasks(Target.java:413)
     at org.apache.tools.ant.Project.executeSortedTargets(Project.java:1399)
     at org.apache.tools.ant.helper.SingleCheckExecutor.executeTargets(SingleCheckExecutor.java:38)
     at org.apache.tools.ant.Project.executeTargets(Project.java:1251)
     at org.apache.tools.ant.taskdefs.Ant.execute(Ant.java:442)
     at org.apache.tools.ant.UnknownElement.execute(UnknownElement.java:291)
     at sun.reflect.NativeMethodAccessorImpl.invoke0(Native Method)
     at sun.reflect.NativeMethodAccessorImpl.invoke(NativeMethodAccessorImpl.java:62)
     at sun.reflect.DelegatingMethodAccessorImpl.invoke(DelegatingMethodAccessorImpl.java:43)
     at java.lang.reflect.Method.invoke(Method.java:498)
     at org.apache.tools.ant.dispatch.DispatchUtils.execute(DispatchUtils.java:106)
     at org.apache.tools.ant.Task.perform(Task.java:348)
     at org.apache.tools.ant.taskdefs.Sequential.execute(Sequential.java:68)
     at net.sf.antcontrib.logic.IfTask.execute(IfTask.java:217)
     at sun.reflect.NativeMethodAccessorImpl.invoke0(Native Method)
     at sun.reflect.NativeMethodAccessorImpl.invoke(NativeMethodAccessorImpl.java:62)
     at sun.reflect.DelegatingMethodAccessorImpl.invoke(DelegatingMethodAccessorImpl.java:43)
     at java.lang.reflect.Method.invoke(Method.java:498)
     at org.apache.tools.ant.dispatch.DispatchUtils.execute(DispatchUtils.java:106)
     at org.apache.tools.ant.TaskAdapter.execute(TaskAdapter.java:154)
     at org.apache.tools.ant.UnknownElement.execute(UnknownElement.java:291)
     at sun.reflect.NativeMethodAccessorImpl.invoke0(Native Method)
     at sun.reflect.NativeMethodAccessorImpl.invoke(NativeMethodAccessorImpl.java:62)
     at sun.reflect.DelegatingMethodAccessorImpl.invoke(DelegatingMethodAccessorImpl.java:43)
     at java.lang.reflect.Method.invoke(Method.java:498)
     at org.apache.tools.ant.dispatch.DispatchUtils.execute(DispatchUtils.java:106)
     at org.apache.tools.ant.Task.perform(Task.java:348)
     at org.apache.tools.ant.Target.execute(Target.java:392)
     at org.apache.tools.ant.Target.performTasks(Target.java:413)
     at org.apache.tools.ant.Project.executeSortedTargets(Project.java:1399)
     at org.apache.tools.ant.Project.executeTarget(Project.java:1368)
     at org.apache.tools.ant.helper.DefaultExecutor.executeTargets(DefaultExecutor.java:41)
     at org.apache.tools.ant.Project.executeTargets(Project.java:1251)
     at com.sencha.ant.AntScript.execute(AntScript.java:117)
     at com.sencha.command.plugin.PluginManager.execute(PluginManager.java:104)
     at com.sencha.command.plugin.PluginManager.executeReverseFirst(PluginManager.java:145)
     at com.sencha.command.environment.BuildEnvironment.execute(BuildEnvironment.java:309)
     at com.sencha.command.environment.AppOrPackageEnvironment.execute(AppOrPackageEnvironment.java:729)
     at com.sencha.command.pkg.BuildCommand.execute(BuildCommand.java:170)
     at sun.reflect.NativeMethodAccessorImpl.invoke0(Native Method)
     at sun.reflect.NativeMethodAccessorImpl.invoke(NativeMethodAccessorImpl.java:62)
     at sun.reflect.DelegatingMethodAccessorImpl.invoke(DelegatingMethodAccessorImpl.java:43)
     at java.lang.reflect.Method.invoke(Method.java:498)
     at com.sencha.util.MethodInvoker$Arguments.invoke(MethodInvoker.java:175)
     at com.sencha.cli.Command.dispatch(Command.java:43)
     at com.sencha.cli.Commands.dispatch(Commands.java:64)
     at com.sencha.cli.Commands.dispatch(Commands.java:64)
     at com.sencha.command.Sencha.dispatch(Sencha.java:80)
     at com.sencha.command.Sencha.main(Sencha.java:151)
     at sun.reflect.NativeMethodAccessorImpl.invoke0(Native Method)
     at sun.reflect.NativeMethodAccessorImpl.invoke(NativeMethodAccessorImpl.java:62)
     at sun.reflect.DelegatingMethodAccessorImpl.invoke(DelegatingMethodAccessorImpl.java:43)
     at java.lang.reflect.Method.invoke(Method.java:498)
     at com.exe4j.runtime.LauncherEngine.launch(LauncherEngine.java:84)
     at com.exe4j.runtime.WinLauncher.main(WinLauncher.java:94)
     at com.install4j.runtime.launcher.WinLauncher.main(WinLauncher.java:25)
   Caused by: Unknown definition for dependency : conjoon.dev.cn_mailsim.data.SimletAdapter
     at com.sencha.tools.compiler.sources.SymbolCache.linkClassGraph(SymbolCache.java:213)
     at com.sencha.tools.compiler.sources.SymbolCache.processSymbols(SymbolCache.java:379)
     at com.sencha.tools.compiler.sources.ClassPathScope.getScopeSymbols(ClassPathScope.java:417)
     at com.sencha.tools.compiler.sources.SourceFileDependencySorter.processFileDependencies(SourceFileDependencySorter.java:88)
     at com.sencha.tools.compiler.sources.SourceFileDependencySorter.processFileDependencies(SourceFileDependencySorter.java:77)
     at com.sencha.tools.compiler.sources.SourceFileDependencySorter.sortByDependencies(SourceFileDependencySorter.java:46)
     at com.sencha.tools.compiler.sources.ClassPathScope.topoSort(ClassPathScope.java:649)
     at com.sencha.tools.compiler.CompilerContext.topoSort(CompilerContext.java:167)
     at com.sencha.tools.compiler.CompilerContext.getEnabledSourceFiles(CompilerContext.java:291)
     at com.sencha.tools.compiler.CompilerContext.getEnabledSourceFiles(CompilerContext.java:285)
     at com.sencha.tools.compiler.CompilerContext.getEnabledSourceFiles(CompilerContext.java:281)
     at com.sencha.tools.compiler.builder.SimpleConcatenator.concatFiles(SimpleConcatenator.java:32)
     at com.sencha.tools.compiler.builder.SimpleConcatenator.doConcat(SimpleConcatenator.java:47)
     at com.sencha.command.compile.ConcatenateCommand.execute(ConcatenateCommand.java:242)
     at sun.reflect.NativeMethodAccessorImpl.invoke0(Native Method)
     at sun.reflect.NativeMethodAccessorImpl.invoke(NativeMethodAccessorImpl.java:62)
     at sun.reflect.DelegatingMethodAccessorImpl.invoke(DelegatingMethodAccessorImpl.java:43)
     at java.lang.reflect.Method.invoke(Method.java:498)
     at com.sencha.util.MethodInvoker$Arguments.invoke(MethodInvoker.java:175)
     at com.sencha.cli.Command.dispatch(Command.java:43)
     at com.sencha.cli.Commands.dispatch(Commands.java:64)
     at com.sencha.command.compile.CompileCommands.dispatch(CompileCommands.java:332)
     at com.sencha.cli.AbstractCommand.dispatch(AbstractCommand.java:124)
     at com.sencha.ant.CompileTask$CompileToken.dispatchCommand(CompileTask.java:164)
     at com.sencha.ant.CompileTask.doExecute(CompileTask.java:123)
     at com.sencha.ant.BaseAntTask.execute(BaseAntTask.java:34)
     at com.sencha.ant.CompileTask.execute(CompileTask.java:36)
     at org.apache.tools.ant.UnknownElement.execute(UnknownElement.java:291)
     at sun.reflect.GeneratedMethodAccessor40.invoke(Unknown Source)
     at sun.reflect.DelegatingMethodAccessorImpl.invoke(DelegatingMethodAccessorImpl.java:43)
     at java.lang.reflect.Method.invoke(Method.java:498)
     at org.apache.tools.ant.dispatch.DispatchUtils.execute(DispatchUtils.java:106)
     at org.apache.tools.ant.Task.perform(Task.java:348)
     at org.apache.tools.ant.taskdefs.Sequential.execute(Sequential.java:68)
     at net.sf.antcontrib.logic.IfTask.execute(IfTask.java:197)
     at sun.reflect.NativeMethodAccessorImpl.invoke0(Native Method)
     at sun.reflect.NativeMethodAccessorImpl.invoke(NativeMethodAccessorImpl.java:62)
     at sun.reflect.DelegatingMethodAccessorImpl.invoke(DelegatingMethodAccessorImpl.java:43)
     at java.lang.reflect.Method.invoke(Method.java:498)
     at org.apache.tools.ant.dispatch.DispatchUtils.execute(DispatchUtils.java:106)
     at org.apache.tools.ant.TaskAdapter.execute(TaskAdapter.java:154)
     at org.apache.tools.ant.UnknownElement.execute(UnknownElement.java:291)
     at sun.reflect.GeneratedMethodAccessor40.invoke(Unknown Source)
     at sun.reflect.DelegatingMethodAccessorImpl.invoke(DelegatingMethodAccessorImpl.java:43)
     at java.lang.reflect.Method.invoke(Method.java:498)
     at org.apache.tools.ant.dispatch.DispatchUtils.execute(DispatchUtils.java:106)
     at org.apache.tools.ant.Task.perform(Task.java:348)
     at org.apache.tools.ant.Target.execute(Target.java:392)
     at org.apache.tools.ant.Target.performTasks(Target.java:413)
     at org.apache.tools.ant.Project.executeSortedTargets(Project.java:1399)
     at org.apache.tools.ant.helper.SingleCheckExecutor.executeTargets(SingleCheckExecutor.java:38)
     at org.apache.tools.ant.Project.executeTargets(Project.java:1251)
     at org.apache.tools.ant.taskdefs.Ant.execute(Ant.java:442)
     at org.apache.tools.ant.taskdefs.CallTarget.execute(CallTarget.java:105)
     at com.sencha.ant.CallTask.execute(CallTask.java:137)
     at org.apache.tools.ant.UnknownElement.execute(UnknownElement.java:291)
     at sun.reflect.GeneratedMethodAccessor40.invoke(Unknown Source)
     at sun.reflect.DelegatingMethodAccessorImpl.invoke(DelegatingMethodAccessorImpl.java:43)
     at java.lang.reflect.Method.invoke(Method.java:498)
     at org.apache.tools.ant.dispatch.DispatchUtils.execute(DispatchUtils.java:106)
     at org.apache.tools.ant.Task.perform(Task.java:348)
     at org.apache.tools.ant.Target.execute(Target.java:392)
     at org.apache.tools.ant.Target.performTasks(Target.java:413)
     at org.apache.tools.ant.Project.executeSortedTargets(Project.java:1399)
     at org.apache.tools.ant.helper.SingleCheckExecutor.executeTargets(SingleCheckExecutor.java:38)
     at org.apache.tools.ant.Project.executeTargets(Project.java:1251)
     at org.apache.tools.ant.taskdefs.Ant.execute(Ant.java:442)
     at org.apache.tools.ant.UnknownElement.execute(UnknownElement.java:291)
     at sun.reflect.NativeMethodAccessorImpl.invoke0(Native Method)
     at sun.reflect.NativeMethodAccessorImpl.invoke(NativeMethodAccessorImpl.java:62)
     at sun.reflect.DelegatingMethodAccessorImpl.invoke(DelegatingMethodAccessorImpl.java:43)
     at java.lang.reflect.Method.invoke(Method.java:498)
     at org.apache.tools.ant.dispatch.DispatchUtils.execute(DispatchUtils.java:106)
     at org.apache.tools.ant.Task.perform(Task.java:348)
     at org.apache.tools.ant.taskdefs.Sequential.execute(Sequential.java:68)
     at net.sf.antcontrib.logic.IfTask.execute(IfTask.java:217)
     at sun.reflect.NativeMethodAccessorImpl.invoke0(Native Method)
     at sun.reflect.NativeMethodAccessorImpl.invoke(NativeMethodAccessorImpl.java:62)
     at sun.reflect.DelegatingMethodAccessorImpl.invoke(DelegatingMethodAccessorImpl.java:43)
     at java.lang.reflect.Method.invoke(Method.java:498)
     at org.apache.tools.ant.dispatch.DispatchUtils.execute(DispatchUtils.java:106)
     at org.apache.tools.ant.TaskAdapter.execute(TaskAdapter.java:154)
     at org.apache.tools.ant.UnknownElement.execute(UnknownElement.java:291)
     at sun.reflect.NativeMethodAccessorImpl.invoke0(Native Method)
     at sun.reflect.NativeMethodAccessorImpl.invoke(NativeMethodAccessorImpl.java:62)
     at sun.reflect.DelegatingMethodAccessorImpl.invoke(DelegatingMethodAccessorImpl.java:43)
     at java.lang.reflect.Method.invoke(Method.java:498)
     at org.apache.tools.ant.dispatch.DispatchUtils.execute(DispatchUtils.java:106)
     at org.apache.tools.ant.Task.perform(Task.java:348)
     at org.apache.tools.ant.Target.execute(Target.java:392)
     at org.apache.tools.ant.Target.performTasks(Target.java:413)
     at org.apache.tools.ant.Project.executeSortedTargets(Project.java:1399)
     at org.apache.tools.ant.Project.executeTarget(Project.java:1368)
     at org.apache.tools.ant.helper.DefaultExecutor.executeTargets(DefaultExecutor.java:41)
     at org.apache.tools.ant.Project.executeTargets(Project.java:1251)
     at com.sencha.ant.AntScript.execute(AntScript.java:117)
     at com.sencha.command.plugin.PluginManager.execute(PluginManager.java:104)
     at com.sencha.command.plugin.PluginManager.executeReverseFirst(PluginManager.java:145)
     at com.sencha.command.environment.BuildEnvironment.execute(BuildEnvironment.java:309)
     at com.sencha.command.environment.AppOrPackageEnvironment.execute(AppOrPackageEnvironment.java:729)
     at com.sencha.command.pkg.BuildCommand.execute(BuildCommand.java:170)
     at sun.reflect.NativeMethodAccessorImpl.invoke0(Native Method)
     at sun.reflect.NativeMethodAccessorImpl.invoke(NativeMethodAccessorImpl.java:62)
     at sun.reflect.DelegatingMethodAccessorImpl.invoke(DelegatingMethodAccessorImpl.java:43)
     at java.lang.reflect.Method.invoke(Method.java:498)
     at com.sencha.util.MethodInvoker$Arguments.invoke(MethodInvoker.java:175)
     at com.sencha.cli.Command.dispatch(Command.java:43)
     at com.sencha.cli.Commands.dispatch(Commands.java:64)
     at com.sencha.cli.Commands.dispatch(Commands.java:64)
     at com.sencha.command.Sencha.dispatch(Sencha.java:80)
     at com.sencha.command.Sencha.main(Sencha.java:151)
     at sun.reflect.NativeMethodAccessorImpl.invoke0(Native Method)
     at sun.reflect.NativeMethodAccessorImpl.invoke(NativeMethodAccessorImpl.java:62)
     at sun.reflect.DelegatingMethodAccessorImpl.invoke(DelegatingMethodAccessorImpl.java:43)
     at java.lang.reflect.Method.invoke(Method.java:498)
     at com.exe4j.runtime.LauncherEngine.launch(LauncherEngine.java:84)
     at com.exe4j.runtime.WinLauncher.main(WinLauncher.java:94)
     at com.install4j.runtime.launcher.WinLauncher.main(WinLauncher.java:25)

